2025-06-11 13:37:17,610 DEBUG    root            Loaded Command Group: ['gcloud', 'components']
2025-06-11 13:37:17,612 DEBUG    root            Loaded Command Group: ['gcloud', 'components', 'update']
2025-06-11 13:37:17,614 DEBUG    root            Running [gcloud.components.update] with arguments: [--quiet: "True", COMPONENT-IDS:8: "['gcloud', 'core', 'bq', 'gsutil', 'compute', 'preview', 'alpha', 'beta']"]
2025-06-11 13:37:17,615 INFO     ___FILE_ONLY___ Beginning update. This process may take several minutes.

2025-06-11 13:37:17,623 DEBUG    urllib3.connectionpool Starting new HTTPS connection (1): dl.google.com:443
2025-06-11 13:37:17,643 DEBUG    urllib3.connectionpool https://dl.google.com:443 "GET /dl/cloudsdk/channels/rapid/components-2.json HTTP/11" 200 233994
2025-06-11 13:37:17,657 WARNING  root            Component [compute] no longer exists.
2025-06-11 13:37:17,658 INFO     ___FILE_ONLY___ 

2025-06-11 13:37:17,658 INFO     ___FILE_ONLY___ 
Your current Google Cloud CLI version is: 526.0.1

2025-06-11 13:37:17,658 INFO     ___FILE_ONLY___ Installing components from version: 526.0.1

2025-06-11 13:37:17,658 INFO     ___FILE_ONLY___ 

2025-06-11 13:37:17,658 DEBUG    root            Chosen display Format:table[box,title="These components will be removed."](details.display_name:label=Name:align=left,version.version_string:label=Version:align=right,data.size.size(zero="",min=1048576):label=Size:align=right)
2025-06-11 13:37:17,659 DEBUG    root            Chosen display Format:table[box,title="These components will be updated."](details.display_name:label=Name:align=left,version.version_string:label=Version:align=right,data.size.size(zero="",min=1048576):label=Size:align=right)
2025-06-11 13:37:17,659 DEBUG    root            Chosen display Format:table[box,title="These components will be installed."](details.display_name:label=Name:align=left,version.version_string:label=Version:align=right,data.size.size(zero="",min=1048576):label=Size:align=right)
2025-06-11 13:37:17,674 INFO     ___FILE_ONLY___ ┌────────────────────────────────────────────────┐
2025-06-11 13:37:17,674 INFO     ___FILE_ONLY___ 

2025-06-11 13:37:17,674 INFO     ___FILE_ONLY___ │      These components will be installed.       │
2025-06-11 13:37:17,674 INFO     ___FILE_ONLY___ 

2025-06-11 13:37:17,674 INFO     ___FILE_ONLY___ ├─────────────────────────┬────────────┬─────────┤
2025-06-11 13:37:17,674 INFO     ___FILE_ONLY___ 

2025-06-11 13:37:17,674 INFO     ___FILE_ONLY___ │           Name          │  Version   │   Size  │
2025-06-11 13:37:17,674 INFO     ___FILE_ONLY___ 

2025-06-11 13:37:17,674 INFO     ___FILE_ONLY___ ├─────────────────────────┼────────────┼─────────┤
2025-06-11 13:37:17,674 INFO     ___FILE_ONLY___ 

2025-06-11 13:37:17,674 INFO     ___FILE_ONLY___ │ 
2025-06-11 13:37:17,675 INFO     ___FILE_ONLY___ gcloud Alpha Commands  
2025-06-11 13:37:17,675 INFO     ___FILE_ONLY___  
2025-06-11 13:37:17,675 INFO     ___FILE_ONLY___ │ 
2025-06-11 13:37:17,675 INFO     ___FILE_ONLY___ 2025.06.10
2025-06-11 13:37:17,675 INFO     ___FILE_ONLY___  
2025-06-11 13:37:17,675 INFO     ___FILE_ONLY___ │ 
2025-06-11 13:37:17,675 INFO     ___FILE_ONLY___ < 1 MiB
2025-06-11 13:37:17,675 INFO     ___FILE_ONLY___  
2025-06-11 13:37:17,675 INFO     ___FILE_ONLY___ │
2025-06-11 13:37:17,675 INFO     ___FILE_ONLY___ 

2025-06-11 13:37:17,675 INFO     ___FILE_ONLY___ │ 
2025-06-11 13:37:17,675 INFO     ___FILE_ONLY___ gcloud Beta Commands   
2025-06-11 13:37:17,675 INFO     ___FILE_ONLY___  
2025-06-11 13:37:17,675 INFO     ___FILE_ONLY___ │ 
2025-06-11 13:37:17,675 INFO     ___FILE_ONLY___ 2025.06.10
2025-06-11 13:37:17,675 INFO     ___FILE_ONLY___  
2025-06-11 13:37:17,675 INFO     ___FILE_ONLY___ │ 
2025-06-11 13:37:17,675 INFO     ___FILE_ONLY___ < 1 MiB
2025-06-11 13:37:17,675 INFO     ___FILE_ONLY___  
2025-06-11 13:37:17,676 INFO     ___FILE_ONLY___ │
2025-06-11 13:37:17,676 INFO     ___FILE_ONLY___ 

2025-06-11 13:37:17,676 INFO     ___FILE_ONLY___ │ 
2025-06-11 13:37:17,676 INFO     ___FILE_ONLY___ gcloud Preview Commands
2025-06-11 13:37:17,676 INFO     ___FILE_ONLY___  
2025-06-11 13:37:17,676 INFO     ___FILE_ONLY___ │ 
2025-06-11 13:37:17,676 INFO     ___FILE_ONLY___           
2025-06-11 13:37:17,676 INFO     ___FILE_ONLY___  
2025-06-11 13:37:17,676 INFO     ___FILE_ONLY___ │ 
2025-06-11 13:37:17,676 INFO     ___FILE_ONLY___ < 1 MiB
2025-06-11 13:37:17,676 INFO     ___FILE_ONLY___  
2025-06-11 13:37:17,676 INFO     ___FILE_ONLY___ │
2025-06-11 13:37:17,676 INFO     ___FILE_ONLY___ 

2025-06-11 13:37:17,676 INFO     ___FILE_ONLY___ └─────────────────────────┴────────────┴─────────┘
2025-06-11 13:37:17,676 INFO     ___FILE_ONLY___ 

2025-06-11 13:37:17,676 INFO     ___FILE_ONLY___ 

2025-06-11 13:37:17,680 DEBUG    urllib3.connectionpool Starting new HTTPS connection (1): dl.google.com:443
2025-06-11 13:37:17,694 DEBUG    urllib3.connectionpool https://dl.google.com:443 "GET /dl/cloudsdk/channels/rapid/RELEASE_NOTES HTTP/11" 200 1432351
2025-06-11 13:37:18,136 INFO     ___FILE_ONLY___ For the latest full release notes, please visit:
  https://cloud.google.com/sdk/release_notes


2025-06-11 13:37:18,136 INFO     ___FILE_ONLY___ Performing in place update...


2025-06-11 13:37:18,138 INFO     ___FILE_ONLY___ ╔════════════════════════════════════════════════════════════╗

2025-06-11 13:37:18,138 INFO     ___FILE_ONLY___ ╠═ Downloading: gcloud Alpha Commands                       ═╣

2025-06-11 13:37:18,138 INFO     ___FILE_ONLY___ ╚
2025-06-11 13:37:18,142 DEBUG    urllib3.connectionpool Starting new HTTPS connection (1): dl.google.com:443
2025-06-11 13:37:18,183 DEBUG    urllib3.connectionpool https://dl.google.com:443 "GET /dl/cloudsdk/channels/rapid/components/google-cloud-sdk-alpha-20250610213429.tar.gz HTTP/11" 200 800
2025-06-11 13:37:18,183 INFO     ___FILE_ONLY___ ════════════════════════════════════════════════════════════
2025-06-11 13:37:18,183 INFO     ___FILE_ONLY___ ╝

2025-06-11 13:37:18,185 INFO     ___FILE_ONLY___ ╔════════════════════════════════════════════════════════════╗

2025-06-11 13:37:18,185 INFO     ___FILE_ONLY___ ╠═ Downloading: gcloud Beta Commands                        ═╣

2025-06-11 13:37:18,185 INFO     ___FILE_ONLY___ ╚
2025-06-11 13:37:18,188 DEBUG    urllib3.connectionpool Starting new HTTPS connection (1): dl.google.com:443
2025-06-11 13:37:18,202 DEBUG    urllib3.connectionpool https://dl.google.com:443 "GET /dl/cloudsdk/channels/rapid/components/google-cloud-sdk-beta-20250610213429.tar.gz HTTP/11" 200 797
2025-06-11 13:37:18,202 INFO     ___FILE_ONLY___ ════════════════════════════════════════════════════════════
2025-06-11 13:37:18,202 INFO     ___FILE_ONLY___ ╝

2025-06-11 13:37:18,204 INFO     ___FILE_ONLY___ ╔════════════════════════════════════════════════════════════╗

2025-06-11 13:37:18,204 INFO     ___FILE_ONLY___ ╠═ Downloading: gcloud Preview Commands                     ═╣

2025-06-11 13:37:18,204 INFO     ___FILE_ONLY___ ╚
2025-06-11 13:37:18,207 DEBUG    urllib3.connectionpool Starting new HTTPS connection (1): dl.google.com:443
2025-06-11 13:37:18,256 DEBUG    urllib3.connectionpool https://dl.google.com:443 "GET /dl/cloudsdk/channels/rapid/components/google-cloud-sdk-preview-20241115154308.tar.gz HTTP/11" 200 823
2025-06-11 13:37:18,256 INFO     ___FILE_ONLY___ ════════════════════════════════════════════════════════════
2025-06-11 13:37:18,256 INFO     ___FILE_ONLY___ ╝

2025-06-11 13:37:18,258 INFO     ___FILE_ONLY___ ╔════════════════════════════════════════════════════════════╗

2025-06-11 13:37:18,258 INFO     ___FILE_ONLY___ ╠═ Installing: gcloud Alpha Commands                        ═╣

2025-06-11 13:37:18,258 INFO     ___FILE_ONLY___ ╚
2025-06-11 13:37:18,259 INFO     ___FILE_ONLY___ ════════════════════════════════════════════════════════════
2025-06-11 13:37:18,259 INFO     ___FILE_ONLY___ ╝

2025-06-11 13:37:18,264 INFO     ___FILE_ONLY___ ╔════════════════════════════════════════════════════════════╗

2025-06-11 13:37:18,264 INFO     ___FILE_ONLY___ ╠═ Installing: gcloud Beta Commands                         ═╣

2025-06-11 13:37:18,264 INFO     ___FILE_ONLY___ ╚
2025-06-11 13:37:18,265 INFO     ___FILE_ONLY___ ════════════════════════════════════════════════════════════
2025-06-11 13:37:18,265 INFO     ___FILE_ONLY___ ╝

2025-06-11 13:37:18,270 INFO     ___FILE_ONLY___ ╔════════════════════════════════════════════════════════════╗

2025-06-11 13:37:18,270 INFO     ___FILE_ONLY___ ╠═ Installing: gcloud Preview Commands                      ═╣

2025-06-11 13:37:18,270 INFO     ___FILE_ONLY___ ╚
2025-06-11 13:37:18,271 INFO     ___FILE_ONLY___ ════════════════════════════════════════════════════════════
2025-06-11 13:37:18,271 INFO     ___FILE_ONLY___ ╝

2025-06-11 13:37:18,276 DEBUG    root            Updating notification cache...
2025-06-11 13:37:18,276 INFO     ___FILE_ONLY___ 

2025-06-11 13:37:18,278 INFO     ___FILE_ONLY___ Performing post processing steps...
2025-06-11 13:37:18,278 DEBUG    root            Executing command: ['/tools/google-cloud-sdk/bin/gcloud', 'components', 'post-process']
2025-06-11 13:37:26,456 DEBUG    ___FILE_ONLY___ 
2025-06-11 13:37:26,457 DEBUG    ___FILE_ONLY___ 
2025-06-11 13:37:26,553 INFO     root            descriptor_list: [{'universeDomain': 'googleapis.com', 'universeShortName': '', 'authenticationDomain': 'auth.cloud.google.com', 'projectPrefix': '', 'cloudWebDomain': 'cloud.google.com', 'documentationDomain': 'cloud.google.com', 'version': '1.0.0', 'state': 'primary', 'artifactRegistryDomain': 'pkg.dev'}]
2025-06-11 13:37:26,554 INFO     ___FILE_ONLY___ 
Update done!


2025-06-11 13:37:26,556 DEBUG    root            Chosen display Format:none
2025-06-11 13:37:26,556 INFO     root            Display format: "none"
